<?xml version="1.0" encoding="UTF-8"?>
<testng-results skipped="0" failed="2" ignored="4" total="16" passed="10">
  <reporter-output>
  </reporter-output>
  <suite name="FREE CRM Application Test Automation Test Suite" duration-ms="310068" started-at="2018-02-18T07:00:04Z" finished-at="2018-02-18T07:05:14Z">
    <groups>
    </groups>
    <test name="Free CRM App Test Cases" duration-ms="310068" started-at="2018-02-18T07:00:04Z" finished-at="2018-02-18T07:05:14Z">
      <class name="com.crm.qa.testscases.LoginPageTest">
        <test-method status="PASS" signature="setExtent()[pri:0, instance:com.crm.qa.testscases.LoginPageTest@1ce92674]" name="setExtent" is-config="true" duration-ms="218" started-at="2018-02-18T12:30:04Z" finished-at="2018-02-18T12:30:05Z">
          <reporter-output>
          </reporter-output>
        </test-method> <!-- setExtent -->
        <test-method status="PASS" signature="setUp()[pri:0, instance:com.crm.qa.testscases.LoginPageTest@1ce92674]" name="setUp" is-config="true" duration-ms="11753" started-at="2018-02-18T12:30:05Z" finished-at="2018-02-18T12:30:16Z">
          <reporter-output>
          </reporter-output>
        </test-method> <!-- setUp -->
        <test-method status="PASS" signature="loginPageTitleTest()[pri:1, instance:com.crm.qa.testscases.LoginPageTest@1ce92674]" name="loginPageTitleTest" duration-ms="24" started-at="2018-02-18T12:30:16Z" finished-at="2018-02-18T12:30:16Z">
          <reporter-output>
          </reporter-output>
        </test-method> <!-- loginPageTitleTest -->
        <test-method status="PASS" signature="tearDown(org.testng.ITestResult)[pri:0, instance:com.crm.qa.testscases.LoginPageTest@1ce92674]" name="tearDown" is-config="true" duration-ms="602" started-at="2018-02-18T12:30:16Z" finished-at="2018-02-18T12:30:17Z">
          <params>
            <param index="0">
              <value>
                <![CDATA[[TestResult name=loginPageTitleTest status=SUCCESS method=LoginPageTest.loginPageTitleTest()[pri:1, instance:com.crm.qa.testscases.LoginPageTest@1ce92674] output={null}]]]>
              </value>
            </param>
          </params>
          <reporter-output>
          </reporter-output>
        </test-method> <!-- tearDown -->
        <test-method status="PASS" signature="setUp()[pri:0, instance:com.crm.qa.testscases.LoginPageTest@1ce92674]" name="setUp" is-config="true" duration-ms="7690" started-at="2018-02-18T12:30:54Z" finished-at="2018-02-18T12:31:02Z">
          <reporter-output>
          </reporter-output>
        </test-method> <!-- setUp -->
        <test-method status="PASS" signature="crmLogoImageTest()[pri:2, instance:com.crm.qa.testscases.LoginPageTest@1ce92674]" name="crmLogoImageTest" duration-ms="51" started-at="2018-02-18T12:31:02Z" finished-at="2018-02-18T12:31:02Z">
          <reporter-output>
          </reporter-output>
        </test-method> <!-- crmLogoImageTest -->
        <test-method status="PASS" signature="tearDown(org.testng.ITestResult)[pri:0, instance:com.crm.qa.testscases.LoginPageTest@1ce92674]" name="tearDown" is-config="true" duration-ms="560" started-at="2018-02-18T12:31:02Z" finished-at="2018-02-18T12:31:02Z">
          <params>
            <param index="0">
              <value>
                <![CDATA[[TestResult name=crmLogoImageTest status=SUCCESS method=LoginPageTest.crmLogoImageTest()[pri:2, instance:com.crm.qa.testscases.LoginPageTest@1ce92674] output={null}]]]>
              </value>
            </param>
          </params>
          <reporter-output>
          </reporter-output>
        </test-method> <!-- tearDown -->
        <test-method status="PASS" signature="setUp()[pri:0, instance:com.crm.qa.testscases.LoginPageTest@1ce92674]" name="setUp" is-config="true" duration-ms="13469" started-at="2018-02-18T12:32:15Z" finished-at="2018-02-18T12:32:28Z">
          <reporter-output>
          </reporter-output>
        </test-method> <!-- setUp -->
        <test-method status="PASS" signature="loginTest()[pri:3, instance:com.crm.qa.testscases.LoginPageTest@1ce92674]" name="loginTest" duration-ms="9326" started-at="2018-02-18T12:32:28Z" finished-at="2018-02-18T12:32:37Z">
          <reporter-output>
          </reporter-output>
        </test-method> <!-- loginTest -->
        <test-method status="PASS" signature="tearDown(org.testng.ITestResult)[pri:0, instance:com.crm.qa.testscases.LoginPageTest@1ce92674]" name="tearDown" is-config="true" duration-ms="594" started-at="2018-02-18T12:32:37Z" finished-at="2018-02-18T12:32:38Z">
          <params>
            <param index="0">
              <value>
                <![CDATA[[TestResult name=loginTest status=SUCCESS method=LoginPageTest.loginTest()[pri:3, instance:com.crm.qa.testscases.LoginPageTest@1ce92674] output={null}]]]>
              </value>
            </param>
          </params>
          <reporter-output>
          </reporter-output>
        </test-method> <!-- tearDown -->
        <test-method status="PASS" signature="endReport()[pri:0, instance:com.crm.qa.testscases.LoginPageTest@1ce92674]" name="endReport" is-config="true" duration-ms="3100" started-at="2018-02-18T12:35:11Z" finished-at="2018-02-18T12:35:14Z">
          <reporter-output>
          </reporter-output>
        </test-method> <!-- endReport -->
      </class> <!-- com.crm.qa.testscases.LoginPageTest -->
      <class name="com.crm.qa.testscases.HomePageTest">
        <test-method status="PASS" signature="setUp()[pri:0, instance:com.crm.qa.testscases.HomePageTest@5700d6b1]" name="setUp" is-config="true" duration-ms="17315" started-at="2018-02-18T12:30:17Z" finished-at="2018-02-18T12:30:34Z">
          <reporter-output>
          </reporter-output>
        </test-method> <!-- setUp -->
        <test-method status="PASS" signature="verifyhomePageTitleTest()[pri:1, instance:com.crm.qa.testscases.HomePageTest@5700d6b1]" name="verifyhomePageTitleTest" duration-ms="245" started-at="2018-02-18T12:30:34Z" finished-at="2018-02-18T12:30:35Z">
          <reporter-output>
          </reporter-output>
        </test-method> <!-- verifyhomePageTitleTest -->
        <test-method status="PASS" signature="tearDown(org.testng.ITestResult)[pri:0, instance:com.crm.qa.testscases.HomePageTest@5700d6b1]" name="tearDown" is-config="true" duration-ms="568" started-at="2018-02-18T12:30:35Z" finished-at="2018-02-18T12:30:35Z">
          <params>
            <param index="0">
              <value>
                <![CDATA[[TestResult name=verifyhomePageTitleTest status=SUCCESS method=HomePageTest.verifyhomePageTitleTest()[pri:1, instance:com.crm.qa.testscases.HomePageTest@5700d6b1] output={null}]]]>
              </value>
            </param>
          </params>
          <reporter-output>
          </reporter-output>
        </test-method> <!-- tearDown -->
        <test-method status="PASS" signature="setUp()[pri:0, instance:com.crm.qa.testscases.HomePageTest@5700d6b1]" name="setUp" is-config="true" duration-ms="19186" started-at="2018-02-18T12:31:02Z" finished-at="2018-02-18T12:31:21Z">
          <reporter-output>
          </reporter-output>
        </test-method> <!-- setUp -->
        <test-method status="PASS" signature="verifyUserNameTest()[pri:2, instance:com.crm.qa.testscases.HomePageTest@5700d6b1]" name="verifyUserNameTest" duration-ms="149" started-at="2018-02-18T12:31:21Z" finished-at="2018-02-18T12:31:21Z">
          <reporter-output>
          </reporter-output>
        </test-method> <!-- verifyUserNameTest -->
        <test-method status="PASS" signature="tearDown(org.testng.ITestResult)[pri:0, instance:com.crm.qa.testscases.HomePageTest@5700d6b1]" name="tearDown" is-config="true" duration-ms="671" started-at="2018-02-18T12:31:21Z" finished-at="2018-02-18T12:31:22Z">
          <params>
            <param index="0">
              <value>
                <![CDATA[[TestResult name=verifyUserNameTest status=SUCCESS method=HomePageTest.verifyUserNameTest()[pri:2, instance:com.crm.qa.testscases.HomePageTest@5700d6b1] output={null}]]]>
              </value>
            </param>
          </params>
          <reporter-output>
          </reporter-output>
        </test-method> <!-- tearDown -->
        <test-method status="PASS" signature="setUp()[pri:0, instance:com.crm.qa.testscases.HomePageTest@5700d6b1]" name="setUp" is-config="true" duration-ms="14275" started-at="2018-02-18T12:32:38Z" finished-at="2018-02-18T12:32:52Z">
          <reporter-output>
          </reporter-output>
        </test-method> <!-- setUp -->
        <test-method status="PASS" signature="verifyContactsLinkTest()[pri:3, instance:com.crm.qa.testscases.HomePageTest@5700d6b1]" name="verifyContactsLinkTest" duration-ms="220" started-at="2018-02-18T12:32:52Z" finished-at="2018-02-18T12:32:53Z">
          <reporter-output>
          </reporter-output>
        </test-method> <!-- verifyContactsLinkTest -->
        <test-method status="PASS" signature="tearDown(org.testng.ITestResult)[pri:0, instance:com.crm.qa.testscases.HomePageTest@5700d6b1]" name="tearDown" is-config="true" duration-ms="587" started-at="2018-02-18T12:32:53Z" finished-at="2018-02-18T12:32:53Z">
          <params>
            <param index="0">
              <value>
                <![CDATA[[TestResult name=verifyContactsLinkTest status=SUCCESS method=HomePageTest.verifyContactsLinkTest()[pri:3, instance:com.crm.qa.testscases.HomePageTest@5700d6b1] output={null}]]]>
              </value>
            </param>
          </params>
          <reporter-output>
          </reporter-output>
        </test-method> <!-- tearDown -->
      </class> <!-- com.crm.qa.testscases.HomePageTest -->
      <class name="com.crm.qa.testscases.ContactsPageTest">
        <test-method status="PASS" signature="setUp()[pri:0, instance:com.crm.qa.testscases.ContactsPageTest@6fd02e5]" name="setUp" is-config="true" duration-ms="17161" started-at="2018-02-18T12:30:35Z" finished-at="2018-02-18T12:30:52Z">
          <reporter-output>
          </reporter-output>
        </test-method> <!-- setUp -->
        <test-method status="PASS" signature="verifyContactsLabel()[pri:1, instance:com.crm.qa.testscases.ContactsPageTest@6fd02e5]" name="verifyContactsLabel" duration-ms="928" started-at="2018-02-18T12:30:52Z" finished-at="2018-02-18T12:30:53Z">
          <reporter-output>
          </reporter-output>
        </test-method> <!-- verifyContactsLabel -->
        <test-method status="PASS" signature="tearDown(org.testng.ITestResult)[pri:0, instance:com.crm.qa.testscases.ContactsPageTest@6fd02e5]" name="tearDown" is-config="true" duration-ms="598" started-at="2018-02-18T12:30:53Z" finished-at="2018-02-18T12:30:54Z">
          <params>
            <param index="0">
              <value>
                <![CDATA[[TestResult name=verifyContactsLabel status=SUCCESS method=ContactsPageTest.verifyContactsLabel()[pri:1, instance:com.crm.qa.testscases.ContactsPageTest@6fd02e5] output={null}]]]>
              </value>
            </param>
          </params>
          <reporter-output>
          </reporter-output>
        </test-method> <!-- tearDown -->
        <test-method status="PASS" signature="setUp()[pri:0, instance:com.crm.qa.testscases.ContactsPageTest@6fd02e5]" name="setUp" is-config="true" duration-ms="19268" started-at="2018-02-18T12:31:22Z" finished-at="2018-02-18T12:31:41Z">
          <reporter-output>
          </reporter-output>
        </test-method> <!-- setUp -->
        <test-method status="FAIL" signature="selectSingleContactTest()[pri:2, instance:com.crm.qa.testscases.ContactsPageTest@6fd02e5]" name="selectSingleContactTest" duration-ms="32412" started-at="2018-02-18T12:31:41Z" finished-at="2018-02-18T12:32:14Z">
          <exception class="org.openqa.selenium.NoSuchElementException">
            <message>
              <![CDATA[no such element: Unable to locate element: {"method":"xpath","selector":"//a[text()='testing test']//parent::td[@class='datalistrow']//preceding-sibling::td[@class='datalistrow']/input[@name='contact_id']"}
  (Session info: chrome=64.0.3282.167)
  (Driver info: chromedriver=2.34.522940 (1a76f96f66e3ca7b8e57d503b4dd3bccfba87af1),platform=Windows NT 6.1.7600 x86_64) (WARNING: The server did not provide any stacktrace information)
Command duration or timeout: 0 milliseconds
For documentation on this error, please visit: http://seleniumhq.org/exceptions/no_such_element.html
Build info: version: '3.5.3', revision: 'a88d25fe6b', time: '2017-08-29T12:42:44.417Z'
System info: host: 'HP-PC', ip: '192.168.0.101', os.name: 'Windows 7', os.arch: 'amd64', os.version: '6.1', java.version: '1.8.0_151'
Driver info: org.openqa.selenium.chrome.ChromeDriver
Capabilities [{mobileEmulationEnabled=false, hasTouchScreen=false, platform=XP, acceptSslCerts=true, webStorageEnabled=true, browserName=chrome, takesScreenshot=true, javascriptEnabled=true, platformName=XP, setWindowRect=true, unexpectedAlertBehaviour=, applicationCacheEnabled=false, rotatable=false, networkConnectionEnabled=false, chrome={chromedriverVersion=2.34.522940 (1a76f96f66e3ca7b8e57d503b4dd3bccfba87af1), userDataDir=C:\Users\Hp\AppData\Local\Temp\scoped_dir6240_21598}, takesHeapSnapshot=true, pageLoadStrategy=normal, unhandledPromptBehavior=, databaseEnabled=false, handlesAlerts=true, version=64.0.3282.167, browserConnectionEnabled=false, nativeEvents=true, locationContextEnabled=true, cssSelectorsEnabled=true}]
Session ID: 35bdc2f61946dbc3c17b865274933920
*** Element info: {Using=xpath, value=//a[text()='testing test']//parent::td[@class='datalistrow']//preceding-sibling::td[@class='datalistrow']/input[@name='contact_id']}]]>
            </message>
            <full-stacktrace>
              <![CDATA[org.openqa.selenium.NoSuchElementException: no such element: Unable to locate element: {"method":"xpath","selector":"//a[text()='testing test']//parent::td[@class='datalistrow']//preceding-sibling::td[@class='datalistrow']/input[@name='contact_id']"}
  (Session info: chrome=64.0.3282.167)
  (Driver info: chromedriver=2.34.522940 (1a76f96f66e3ca7b8e57d503b4dd3bccfba87af1),platform=Windows NT 6.1.7600 x86_64) (WARNING: The server did not provide any stacktrace information)
Command duration or timeout: 0 milliseconds
For documentation on this error, please visit: http://seleniumhq.org/exceptions/no_such_element.html
Build info: version: '3.5.3', revision: 'a88d25fe6b', time: '2017-08-29T12:42:44.417Z'
System info: host: 'HP-PC', ip: '192.168.0.101', os.name: 'Windows 7', os.arch: 'amd64', os.version: '6.1', java.version: '1.8.0_151'
Driver info: org.openqa.selenium.chrome.ChromeDriver
Capabilities [{mobileEmulationEnabled=false, hasTouchScreen=false, platform=XP, acceptSslCerts=true, webStorageEnabled=true, browserName=chrome, takesScreenshot=true, javascriptEnabled=true, platformName=XP, setWindowRect=true, unexpectedAlertBehaviour=, applicationCacheEnabled=false, rotatable=false, networkConnectionEnabled=false, chrome={chromedriverVersion=2.34.522940 (1a76f96f66e3ca7b8e57d503b4dd3bccfba87af1), userDataDir=C:\Users\Hp\AppData\Local\Temp\scoped_dir6240_21598}, takesHeapSnapshot=true, pageLoadStrategy=normal, unhandledPromptBehavior=, databaseEnabled=false, handlesAlerts=true, version=64.0.3282.167, browserConnectionEnabled=false, nativeEvents=true, locationContextEnabled=true, cssSelectorsEnabled=true}]
Session ID: 35bdc2f61946dbc3c17b865274933920
*** Element info: {Using=xpath, value=//a[text()='testing test']//parent::td[@class='datalistrow']//preceding-sibling::td[@class='datalistrow']/input[@name='contact_id']}
	at sun.reflect.NativeConstructorAccessorImpl.newInstance0(Native Method)
	at sun.reflect.NativeConstructorAccessorImpl.newInstance(Unknown Source)
	at sun.reflect.DelegatingConstructorAccessorImpl.newInstance(Unknown Source)
	at java.lang.reflect.Constructor.newInstance(Unknown Source)
	at org.openqa.selenium.remote.ErrorHandler.createThrowable(ErrorHandler.java:215)
	at org.openqa.selenium.remote.ErrorHandler.throwIfResponseFailed(ErrorHandler.java:167)
	at org.openqa.selenium.remote.http.JsonHttpResponseCodec.reconstructValue(JsonHttpResponseCodec.java:40)
	at org.openqa.selenium.remote.http.AbstractHttpResponseCodec.decode(AbstractHttpResponseCodec.java:82)
	at org.openqa.selenium.remote.http.AbstractHttpResponseCodec.decode(AbstractHttpResponseCodec.java:45)
	at org.openqa.selenium.remote.HttpCommandExecutor.execute(HttpCommandExecutor.java:164)
	at org.openqa.selenium.remote.service.DriverCommandExecutor.execute(DriverCommandExecutor.java:82)
	at org.openqa.selenium.remote.RemoteWebDriver.execute(RemoteWebDriver.java:646)
	at org.openqa.selenium.remote.RemoteWebDriver.findElement(RemoteWebDriver.java:416)
	at org.openqa.selenium.remote.RemoteWebDriver.findElementByXPath(RemoteWebDriver.java:518)
	at org.openqa.selenium.By$ByXPath.findElement(By.java:361)
	at org.openqa.selenium.remote.RemoteWebDriver.findElement(RemoteWebDriver.java:408)
	at sun.reflect.GeneratedMethodAccessor3.invoke(Unknown Source)
	at sun.reflect.DelegatingMethodAccessorImpl.invoke(Unknown Source)
	at java.lang.reflect.Method.invoke(Unknown Source)
	at org.openqa.selenium.support.events.EventFiringWebDriver$2.invoke(EventFiringWebDriver.java:105)
	at com.sun.proxy.$Proxy10.findElement(Unknown Source)
	at org.openqa.selenium.support.events.EventFiringWebDriver.findElement(EventFiringWebDriver.java:189)
	at com.crm.qa.pages.ContactsPage.selectContactByName(ContactsPage.java:82)
	at com.crm.qa.testscases.ContactsPageTest.selectSingleContactTest(ContactsPageTest.java:53)
	at sun.reflect.NativeMethodAccessorImpl.invoke0(Native Method)
	at sun.reflect.NativeMethodAccessorImpl.invoke(Unknown Source)
	at sun.reflect.DelegatingMethodAccessorImpl.invoke(Unknown Source)
	at java.lang.reflect.Method.invoke(Unknown Source)
	at org.testng.internal.MethodInvocationHelper.invokeMethod(MethodInvocationHelper.java:108)
	at org.testng.internal.Invoker.invokeMethod(Invoker.java:661)
	at org.testng.internal.Invoker.invokeTestMethod(Invoker.java:869)
	at org.testng.internal.Invoker.invokeTestMethods(Invoker.java:1193)
	at org.testng.internal.TestMethodWorker.invokeTestMethods(TestMethodWorker.java:126)
	at org.testng.internal.TestMethodWorker.run(TestMethodWorker.java:109)
	at org.testng.TestRunner.privateRun(TestRunner.java:744)
	at org.testng.TestRunner.run(TestRunner.java:602)
	at org.testng.SuiteRunner.runTest(SuiteRunner.java:380)
	at org.testng.SuiteRunner.runSequentially(SuiteRunner.java:375)
	at org.testng.SuiteRunner.privateRun(SuiteRunner.java:340)
	at org.testng.SuiteRunner.run(SuiteRunner.java:289)
	at org.testng.SuiteRunnerWorker.runSuite(SuiteRunnerWorker.java:52)
	at org.testng.SuiteRunnerWorker.run(SuiteRunnerWorker.java:86)
	at org.testng.TestNG.runSuitesSequentially(TestNG.java:1301)
	at org.testng.TestNG.runSuitesLocally(TestNG.java:1226)
	at org.testng.TestNG.runSuites(TestNG.java:1144)
	at org.testng.TestNG.run(TestNG.java:1115)
	at org.testng.remote.AbstractRemoteTestNG.run(AbstractRemoteTestNG.java:114)
	at org.testng.remote.RemoteTestNG.initAndRun(RemoteTestNG.java:251)
	at org.testng.remote.RemoteTestNG.main(RemoteTestNG.java:77)
]]>
            </full-stacktrace>
          </exception> <!-- org.openqa.selenium.NoSuchElementException -->
          <reporter-output>
          </reporter-output>
        </test-method> <!-- selectSingleContactTest -->
        <test-method status="PASS" signature="tearDown(org.testng.ITestResult)[pri:0, instance:com.crm.qa.testscases.ContactsPageTest@6fd02e5]" name="tearDown" is-config="true" duration-ms="854" started-at="2018-02-18T12:32:14Z" finished-at="2018-02-18T12:32:15Z">
          <params>
            <param index="0">
              <value>
                <![CDATA[[TestResult name=selectSingleContactTest status=FAILURE method=ContactsPageTest.selectSingleContactTest()[pri:2, instance:com.crm.qa.testscases.ContactsPageTest@6fd02e5] output={null}]]]>
              </value>
            </param>
          </params>
          <reporter-output>
          </reporter-output>
        </test-method> <!-- tearDown -->
        <test-method status="PASS" signature="setUp()[pri:0, instance:com.crm.qa.testscases.ContactsPageTest@6fd02e5]" name="setUp" is-config="true" duration-ms="16017" started-at="2018-02-18T12:32:53Z" finished-at="2018-02-18T12:33:09Z">
          <reporter-output>
          </reporter-output>
        </test-method> <!-- setUp -->
        <test-method status="FAIL" signature="selectMultipleContactTest()[pri:3, instance:com.crm.qa.testscases.ContactsPageTest@6fd02e5]" name="selectMultipleContactTest" duration-ms="31562" started-at="2018-02-18T12:33:09Z" finished-at="2018-02-18T12:33:41Z">
          <exception class="org.openqa.selenium.NoSuchElementException">
            <message>
              <![CDATA[no such element: Unable to locate element: {"method":"xpath","selector":"//a[text()='testing test']//parent::td[@class='datalistrow']//preceding-sibling::td[@class='datalistrow']/input[@name='contact_id']"}
  (Session info: chrome=64.0.3282.167)
  (Driver info: chromedriver=2.34.522940 (1a76f96f66e3ca7b8e57d503b4dd3bccfba87af1),platform=Windows NT 6.1.7600 x86_64) (WARNING: The server did not provide any stacktrace information)
Command duration or timeout: 0 milliseconds
For documentation on this error, please visit: http://seleniumhq.org/exceptions/no_such_element.html
Build info: version: '3.5.3', revision: 'a88d25fe6b', time: '2017-08-29T12:42:44.417Z'
System info: host: 'HP-PC', ip: '192.168.0.101', os.name: 'Windows 7', os.arch: 'amd64', os.version: '6.1', java.version: '1.8.0_151'
Driver info: org.openqa.selenium.chrome.ChromeDriver
Capabilities [{mobileEmulationEnabled=false, hasTouchScreen=false, platform=XP, acceptSslCerts=true, webStorageEnabled=true, browserName=chrome, takesScreenshot=true, javascriptEnabled=true, platformName=XP, setWindowRect=true, unexpectedAlertBehaviour=, applicationCacheEnabled=false, rotatable=false, networkConnectionEnabled=false, chrome={chromedriverVersion=2.34.522940 (1a76f96f66e3ca7b8e57d503b4dd3bccfba87af1), userDataDir=C:\Users\Hp\AppData\Local\Temp\scoped_dir188_213}, takesHeapSnapshot=true, pageLoadStrategy=normal, unhandledPromptBehavior=, databaseEnabled=false, handlesAlerts=true, version=64.0.3282.167, browserConnectionEnabled=false, nativeEvents=true, locationContextEnabled=true, cssSelectorsEnabled=true}]
Session ID: c9a4118090c946bd51bcda20953de91f
*** Element info: {Using=xpath, value=//a[text()='testing test']//parent::td[@class='datalistrow']//preceding-sibling::td[@class='datalistrow']/input[@name='contact_id']}]]>
            </message>
            <full-stacktrace>
              <![CDATA[org.openqa.selenium.NoSuchElementException: no such element: Unable to locate element: {"method":"xpath","selector":"//a[text()='testing test']//parent::td[@class='datalistrow']//preceding-sibling::td[@class='datalistrow']/input[@name='contact_id']"}
  (Session info: chrome=64.0.3282.167)
  (Driver info: chromedriver=2.34.522940 (1a76f96f66e3ca7b8e57d503b4dd3bccfba87af1),platform=Windows NT 6.1.7600 x86_64) (WARNING: The server did not provide any stacktrace information)
Command duration or timeout: 0 milliseconds
For documentation on this error, please visit: http://seleniumhq.org/exceptions/no_such_element.html
Build info: version: '3.5.3', revision: 'a88d25fe6b', time: '2017-08-29T12:42:44.417Z'
System info: host: 'HP-PC', ip: '192.168.0.101', os.name: 'Windows 7', os.arch: 'amd64', os.version: '6.1', java.version: '1.8.0_151'
Driver info: org.openqa.selenium.chrome.ChromeDriver
Capabilities [{mobileEmulationEnabled=false, hasTouchScreen=false, platform=XP, acceptSslCerts=true, webStorageEnabled=true, browserName=chrome, takesScreenshot=true, javascriptEnabled=true, platformName=XP, setWindowRect=true, unexpectedAlertBehaviour=, applicationCacheEnabled=false, rotatable=false, networkConnectionEnabled=false, chrome={chromedriverVersion=2.34.522940 (1a76f96f66e3ca7b8e57d503b4dd3bccfba87af1), userDataDir=C:\Users\Hp\AppData\Local\Temp\scoped_dir188_213}, takesHeapSnapshot=true, pageLoadStrategy=normal, unhandledPromptBehavior=, databaseEnabled=false, handlesAlerts=true, version=64.0.3282.167, browserConnectionEnabled=false, nativeEvents=true, locationContextEnabled=true, cssSelectorsEnabled=true}]
Session ID: c9a4118090c946bd51bcda20953de91f
*** Element info: {Using=xpath, value=//a[text()='testing test']//parent::td[@class='datalistrow']//preceding-sibling::td[@class='datalistrow']/input[@name='contact_id']}
	at sun.reflect.NativeConstructorAccessorImpl.newInstance0(Native Method)
	at sun.reflect.NativeConstructorAccessorImpl.newInstance(Unknown Source)
	at sun.reflect.DelegatingConstructorAccessorImpl.newInstance(Unknown Source)
	at java.lang.reflect.Constructor.newInstance(Unknown Source)
	at org.openqa.selenium.remote.ErrorHandler.createThrowable(ErrorHandler.java:215)
	at org.openqa.selenium.remote.ErrorHandler.throwIfResponseFailed(ErrorHandler.java:167)
	at org.openqa.selenium.remote.http.JsonHttpResponseCodec.reconstructValue(JsonHttpResponseCodec.java:40)
	at org.openqa.selenium.remote.http.AbstractHttpResponseCodec.decode(AbstractHttpResponseCodec.java:82)
	at org.openqa.selenium.remote.http.AbstractHttpResponseCodec.decode(AbstractHttpResponseCodec.java:45)
	at org.openqa.selenium.remote.HttpCommandExecutor.execute(HttpCommandExecutor.java:164)
	at org.openqa.selenium.remote.service.DriverCommandExecutor.execute(DriverCommandExecutor.java:82)
	at org.openqa.selenium.remote.RemoteWebDriver.execute(RemoteWebDriver.java:646)
	at org.openqa.selenium.remote.RemoteWebDriver.findElement(RemoteWebDriver.java:416)
	at org.openqa.selenium.remote.RemoteWebDriver.findElementByXPath(RemoteWebDriver.java:518)
	at org.openqa.selenium.By$ByXPath.findElement(By.java:361)
	at org.openqa.selenium.remote.RemoteWebDriver.findElement(RemoteWebDriver.java:408)
	at sun.reflect.GeneratedMethodAccessor3.invoke(Unknown Source)
	at sun.reflect.DelegatingMethodAccessorImpl.invoke(Unknown Source)
	at java.lang.reflect.Method.invoke(Unknown Source)
	at org.openqa.selenium.support.events.EventFiringWebDriver$2.invoke(EventFiringWebDriver.java:105)
	at com.sun.proxy.$Proxy10.findElement(Unknown Source)
	at org.openqa.selenium.support.events.EventFiringWebDriver.findElement(EventFiringWebDriver.java:189)
	at com.crm.qa.pages.ContactsPage.selectContactByName(ContactsPage.java:82)
	at com.crm.qa.testscases.ContactsPageTest.selectMultipleContactTest(ContactsPageTest.java:60)
	at sun.reflect.NativeMethodAccessorImpl.invoke0(Native Method)
	at sun.reflect.NativeMethodAccessorImpl.invoke(Unknown Source)
	at sun.reflect.DelegatingMethodAccessorImpl.invoke(Unknown Source)
	at java.lang.reflect.Method.invoke(Unknown Source)
	at org.testng.internal.MethodInvocationHelper.invokeMethod(MethodInvocationHelper.java:108)
	at org.testng.internal.Invoker.invokeMethod(Invoker.java:661)
	at org.testng.internal.Invoker.invokeTestMethod(Invoker.java:869)
	at org.testng.internal.Invoker.invokeTestMethods(Invoker.java:1193)
	at org.testng.internal.TestMethodWorker.invokeTestMethods(TestMethodWorker.java:126)
	at org.testng.internal.TestMethodWorker.run(TestMethodWorker.java:109)
	at org.testng.TestRunner.privateRun(TestRunner.java:744)
	at org.testng.TestRunner.run(TestRunner.java:602)
	at org.testng.SuiteRunner.runTest(SuiteRunner.java:380)
	at org.testng.SuiteRunner.runSequentially(SuiteRunner.java:375)
	at org.testng.SuiteRunner.privateRun(SuiteRunner.java:340)
	at org.testng.SuiteRunner.run(SuiteRunner.java:289)
	at org.testng.SuiteRunnerWorker.runSuite(SuiteRunnerWorker.java:52)
	at org.testng.SuiteRunnerWorker.run(SuiteRunnerWorker.java:86)
	at org.testng.TestNG.runSuitesSequentially(TestNG.java:1301)
	at org.testng.TestNG.runSuitesLocally(TestNG.java:1226)
	at org.testng.TestNG.runSuites(TestNG.java:1144)
	at org.testng.TestNG.run(TestNG.java:1115)
	at org.testng.remote.AbstractRemoteTestNG.run(AbstractRemoteTestNG.java:114)
	at org.testng.remote.RemoteTestNG.initAndRun(RemoteTestNG.java:251)
	at org.testng.remote.RemoteTestNG.main(RemoteTestNG.java:77)
]]>
            </full-stacktrace>
          </exception> <!-- org.openqa.selenium.NoSuchElementException -->
          <reporter-output>
          </reporter-output>
        </test-method> <!-- selectMultipleContactTest -->
        <test-method status="PASS" signature="tearDown(org.testng.ITestResult)[pri:0, instance:com.crm.qa.testscases.ContactsPageTest@6fd02e5]" name="tearDown" is-config="true" duration-ms="863" started-at="2018-02-18T12:33:41Z" finished-at="2018-02-18T12:33:42Z">
          <params>
            <param index="0">
              <value>
                <![CDATA[[TestResult name=selectMultipleContactTest status=FAILURE method=ContactsPageTest.selectMultipleContactTest()[pri:3, instance:com.crm.qa.testscases.ContactsPageTest@6fd02e5] output={null}]]]>
              </value>
            </param>
          </params>
          <reporter-output>
          </reporter-output>
        </test-method> <!-- tearDown -->
        <test-method status="PASS" signature="setUp()[pri:0, instance:com.crm.qa.testscases.ContactsPageTest@6fd02e5]" name="setUp" is-config="true" duration-ms="19007" started-at="2018-02-18T12:33:42Z" finished-at="2018-02-18T12:34:01Z">
          <reporter-output>
          </reporter-output>
        </test-method> <!-- setUp -->
        <test-method status="PASS" signature="validateCreateNewContact(java.lang.String, java.lang.String, java.lang.String, java.lang.String)[pri:4, instance:com.crm.qa.testscases.ContactsPageTest@6fd02e5]" name="validateCreateNewContact" duration-ms="4029" started-at="2018-02-18T12:34:01Z" data-provider="getCRMTestData" finished-at="2018-02-18T12:34:05Z">
          <params>
            <param index="0">
              <value>
                <![CDATA[Mr.]]>
              </value>
            </param>
            <param index="1">
              <value>
                <![CDATA[saurav]]>
              </value>
            </param>
            <param index="2">
              <value>
                <![CDATA[ganguly]]>
              </value>
            </param>
            <param index="3">
              <value>
                <![CDATA[amazon]]>
              </value>
            </param>
          </params>
          <reporter-output>
          </reporter-output>
        </test-method> <!-- validateCreateNewContact -->
        <test-method status="PASS" signature="tearDown(org.testng.ITestResult)[pri:0, instance:com.crm.qa.testscases.ContactsPageTest@6fd02e5]" name="tearDown" is-config="true" duration-ms="562" started-at="2018-02-18T12:34:05Z" finished-at="2018-02-18T12:34:06Z">
          <params>
            <param index="0">
              <value>
                <![CDATA[[TestResult name=validateCreateNewContact status=SUCCESS method=ContactsPageTest.validateCreateNewContact(java.lang.String, java.lang.String, java.lang.String, java.lang.String)[pri:4, instance:com.crm.qa.testscases.ContactsPageTest@6fd02e5] output={null}]]]>
              </value>
            </param>
          </params>
          <reporter-output>
          </reporter-output>
        </test-method> <!-- tearDown -->
        <test-method status="PASS" signature="setUp()[pri:0, instance:com.crm.qa.testscases.ContactsPageTest@6fd02e5]" name="setUp" is-config="true" duration-ms="19925" started-at="2018-02-18T12:34:06Z" finished-at="2018-02-18T12:34:26Z">
          <reporter-output>
          </reporter-output>
        </test-method> <!-- setUp -->
        <test-method status="PASS" signature="validateCreateNewContact(java.lang.String, java.lang.String, java.lang.String, java.lang.String)[pri:4, instance:com.crm.qa.testscases.ContactsPageTest@6fd02e5]" name="validateCreateNewContact" duration-ms="6229" started-at="2018-02-18T12:34:26Z" data-provider="getCRMTestData" finished-at="2018-02-18T12:34:32Z">
          <params>
            <param index="0">
              <value>
                <![CDATA[Dr.]]>
              </value>
            </param>
            <param index="1">
              <value>
                <![CDATA[vinod]]>
              </value>
            </param>
            <param index="2">
              <value>
                <![CDATA[kambli]]>
              </value>
            </param>
            <param index="3">
              <value>
                <![CDATA[Google]]>
              </value>
            </param>
          </params>
          <reporter-output>
          </reporter-output>
        </test-method> <!-- validateCreateNewContact -->
        <test-method status="PASS" signature="tearDown(org.testng.ITestResult)[pri:0, instance:com.crm.qa.testscases.ContactsPageTest@6fd02e5]" name="tearDown" is-config="true" duration-ms="591" started-at="2018-02-18T12:34:32Z" finished-at="2018-02-18T12:34:32Z">
          <params>
            <param index="0">
              <value>
                <![CDATA[[TestResult name=validateCreateNewContact status=SUCCESS method=ContactsPageTest.validateCreateNewContact(java.lang.String, java.lang.String, java.lang.String, java.lang.String)[pri:4, instance:com.crm.qa.testscases.ContactsPageTest@6fd02e5] output={null}]]]>
              </value>
            </param>
          </params>
          <reporter-output>
          </reporter-output>
        </test-method> <!-- tearDown -->
        <test-method status="PASS" signature="setUp()[pri:0, instance:com.crm.qa.testscases.ContactsPageTest@6fd02e5]" name="setUp" is-config="true" duration-ms="33503" started-at="2018-02-18T12:34:32Z" finished-at="2018-02-18T12:35:06Z">
          <reporter-output>
          </reporter-output>
        </test-method> <!-- setUp -->
        <test-method status="PASS" signature="validateCreateNewContact(java.lang.String, java.lang.String, java.lang.String, java.lang.String)[pri:4, instance:com.crm.qa.testscases.ContactsPageTest@6fd02e5]" name="validateCreateNewContact" duration-ms="4519" started-at="2018-02-18T12:35:06Z" data-provider="getCRMTestData" finished-at="2018-02-18T12:35:11Z">
          <params>
            <param index="0">
              <value>
                <![CDATA[Mr.]]>
              </value>
            </param>
            <param index="1">
              <value>
                <![CDATA[sachin]]>
              </value>
            </param>
            <param index="2">
              <value>
                <![CDATA[tendulkar]]>
              </value>
            </param>
            <param index="3">
              <value>
                <![CDATA[ebay]]>
              </value>
            </param>
          </params>
          <reporter-output>
          </reporter-output>
        </test-method> <!-- validateCreateNewContact -->
        <test-method status="PASS" signature="tearDown(org.testng.ITestResult)[pri:0, instance:com.crm.qa.testscases.ContactsPageTest@6fd02e5]" name="tearDown" is-config="true" duration-ms="845" started-at="2018-02-18T12:35:11Z" finished-at="2018-02-18T12:35:11Z">
          <params>
            <param index="0">
              <value>
                <![CDATA[[TestResult name=validateCreateNewContact status=SUCCESS method=ContactsPageTest.validateCreateNewContact(java.lang.String, java.lang.String, java.lang.String, java.lang.String)[pri:4, instance:com.crm.qa.testscases.ContactsPageTest@6fd02e5] output={null}]]]>
              </value>
            </param>
          </params>
          <reporter-output>
          </reporter-output>
        </test-method> <!-- tearDown -->
      </class> <!-- com.crm.qa.testscases.ContactsPageTest -->
    </test> <!-- Free CRM App Test Cases -->
  </suite> <!-- FREE CRM Application Test Automation Test Suite -->
</testng-results>
